<?xml version="1.0" encoding="UTF-8"?>
<!-- Generated by org.testng.reporters.JUnitReportReporter -->
<testsuite hostname="morninng-HP-EliteBook-2170p" name="edu.cmu.sphinx.util.props.ConfigurationManagerTest" tests="6" failures="0" timestamp="24 Sep 2014 14:24:38 GMT" time="0.103" errors="0">
  <testcase name="testSerialization" time="0.013" classname="edu.cmu.sphinx.util.props.ConfigurationManagerTest"/>
  <testcase name="testSerializeDynamicConfiguration" time="0.005" classname="edu.cmu.sphinx.util.props.ConfigurationManagerTest"/>
  <testcase name="testDynamicConfiguruationChange" time="0.061" classname="edu.cmu.sphinx.util.props.ConfigurationManagerTest"/>
  <testcase name="testXmlExtendedConfiguration" time="0.006" classname="edu.cmu.sphinx.util.props.ConfigurationManagerTest"/>
  <testcase name="testGetComponentClass" time="0.008" classname="edu.cmu.sphinx.util.props.ConfigurationManagerTest"/>
  <testcase name="testDynamicConfCreation" time="0.010" classname="edu.cmu.sphinx.util.props.ConfigurationManagerTest"/>
</testsuite> <!-- edu.cmu.sphinx.util.props.ConfigurationManagerTest -->
