<?xml version="1.0" encoding="UTF-8"?>
<!-- Generated by org.testng.reporters.JUnitReportReporter -->
<testsuite hostname="morninng-HP-EliteBook-2170p" name="edu.cmu.sphinx.decoder.search.test.PartitionerTest" tests="2" failures="0" timestamp="24 Sep 2014 14:25:38 GMT" time="0.125" errors="0">
  <testcase name="testPartitionOrders" time="0.108" classname="edu.cmu.sphinx.decoder.search.test.PartitionerTest"/>
  <testcase name="testPartitionSizes" time="0.017" classname="edu.cmu.sphinx.decoder.search.test.PartitionerTest"/>
</testsuite> <!-- edu.cmu.sphinx.decoder.search.test.PartitionerTest -->
