<?xml version="1.0" encoding="UTF-8"?>
<!-- Generated by org.testng.reporters.JUnitReportReporter -->
<testsuite hostname="morninng-HP-EliteBook-2170p" name="edu.cmu.sphinx.tools.bandwidth.BandDetectorTest" tests="1" failures="0" timestamp="24 Sep 2014 14:24:38 GMT" time="0.134" errors="0">
  <testcase name="test" time="0.134" classname="edu.cmu.sphinx.tools.bandwidth.BandDetectorTest"/>
</testsuite> <!-- edu.cmu.sphinx.tools.bandwidth.BandDetectorTest -->
