<?xml version="1.0" encoding="UTF-8"?>
<!-- Generated by org.testng.reporters.JUnitReportReporter -->
<testsuite hostname="morninng-HP-EliteBook-2170p" name="edu.cmu.sphinx.fst.ComposeEpsilonTest" tests="1" failures="0" timestamp="24 Sep 2014 14:25:38 GMT" time="0.007" errors="0">
  <testcase name="testCompose" time="0.007" classname="edu.cmu.sphinx.fst.ComposeEpsilonTest"/>
</testsuite> <!-- edu.cmu.sphinx.fst.ComposeEpsilonTest -->
