<?xml version="1.0" encoding="UTF-8"?>
<!-- Generated by org.testng.reporters.JUnitReportReporter -->
<testsuite hostname="morninng-HP-EliteBook-2170p" name="edu.cmu.sphinx.frontend.AudioDataSourcesTest" tests="3" failures="0" timestamp="24 Sep 2014 14:25:38 GMT" time="0.144" errors="0">
  <testcase name="testSimpleFileSources" time="0.018" classname="edu.cmu.sphinx.frontend.AudioDataSourcesTest"/>
  <testcase name="testConcatDataSource" time="0.045" classname="edu.cmu.sphinx.frontend.AudioDataSourcesTest"/>
  <testcase name="test8KhzSource" time="0.081" classname="edu.cmu.sphinx.frontend.AudioDataSourcesTest"/>
</testsuite> <!-- edu.cmu.sphinx.frontend.AudioDataSourcesTest -->
