<?xml version="1.0" encoding="UTF-8"?>
<!-- Generated by org.testng.reporters.JUnitReportReporter -->
<testsuite hostname="morninng-HP-EliteBook-2170p" name="edu.cmu.sphinx.linguist.WordSequenceTest" tests="5" failures="0" timestamp="24 Sep 2014 14:24:38 GMT" time="0.005" errors="0">
  <testcase name="getNewest" time="0.000" classname="edu.cmu.sphinx.linguist.WordSequenceTest"/>
  <testcase name="comparison" time="0.004" classname="edu.cmu.sphinx.linguist.WordSequenceTest"/>
  <testcase name="equals" time="0.001" classname="edu.cmu.sphinx.linguist.WordSequenceTest"/>
  <testcase name="unknownWords" time="0.000" classname="edu.cmu.sphinx.linguist.WordSequenceTest"/>
  <testcase name="getOldest" time="0.000" classname="edu.cmu.sphinx.linguist.WordSequenceTest"/>
</testsuite> <!-- edu.cmu.sphinx.linguist.WordSequenceTest -->
