<?xml version="1.0" encoding="UTF-8"?>
<!-- Generated by org.testng.reporters.JUnitReportReporter -->
<testsuite hostname="morninng-HP-EliteBook-2170p" name="edu.cmu.sphinx.frontend.NonSpeechDataFilterTest" tests="3" failures="0" timestamp="24 Sep 2014 14:25:38 GMT" time="0.011" errors="0">
  <testcase name="testMultipleSpeechRegionWithoutMerging" time="0.006" classname="edu.cmu.sphinx.frontend.NonSpeechDataFilterTest"/>
  <testcase name="testMultipleEmptyAndNonemptySegments" time="0.004" classname="edu.cmu.sphinx.frontend.NonSpeechDataFilterTest"/>
  <testcase name="testOneSpeechRegion" time="0.001" classname="edu.cmu.sphinx.frontend.NonSpeechDataFilterTest"/>
</testsuite> <!-- edu.cmu.sphinx.frontend.NonSpeechDataFilterTest -->
