<?xml version="1.0" encoding="UTF-8"?>
<!-- Generated by org.testng.reporters.JUnitReportReporter -->
<testsuite hostname="morninng-HP-EliteBook-2170p" name="edu.cmu.sphinx.frontend.FrontendElementTest" tests="7" failures="0" timestamp="24 Sep 2014 14:24:38 GMT" time="0.561" errors="0">
  <testcase name="testElement" time="0.031" classname="edu.cmu.sphinx.frontend.FrontendElementTest"/>
  <testcase name="testElement" time="0.032" classname="edu.cmu.sphinx.frontend.FrontendElementTest"/>
  <testcase name="testElement" time="0.098" classname="edu.cmu.sphinx.frontend.FrontendElementTest"/>
  <testcase name="testElement" time="0.168" classname="edu.cmu.sphinx.frontend.FrontendElementTest"/>
  <testcase name="testElement" time="0.035" classname="edu.cmu.sphinx.frontend.FrontendElementTest"/>
  <testcase name="testElement" time="0.050" classname="edu.cmu.sphinx.frontend.FrontendElementTest"/>
  <testcase name="testElement" time="0.147" classname="edu.cmu.sphinx.frontend.FrontendElementTest"/>
</testsuite> <!-- edu.cmu.sphinx.frontend.FrontendElementTest -->
