<?xml version="1.0" encoding="UTF-8"?>
<!-- Generated by org.testng.reporters.JUnitReportReporter -->
<testsuite hostname="morninng-HP-EliteBook-2170p" name="edu.cmu.sphinx.linguist.language.ngram.DynamicTrigramModelTest" tests="3" failures="0" timestamp="24 Sep 2014 14:25:38 GMT" time="0.036" errors="0">
  <testcase name="trigramModel" time="0.001" classname="edu.cmu.sphinx.linguist.language.ngram.DynamicTrigramModelTest"/>
  <testcase name="bigramModel" time="0.033" classname="edu.cmu.sphinx.linguist.language.ngram.DynamicTrigramModelTest"/>
  <testcase name="unigramModel" time="0.002" classname="edu.cmu.sphinx.linguist.language.ngram.DynamicTrigramModelTest"/>
</testsuite> <!-- edu.cmu.sphinx.linguist.language.ngram.DynamicTrigramModelTest -->
