<?xml version="1.0" encoding="UTF-8"?>
<!-- Generated by org.testng.reporters.JUnitReportReporter -->
<testsuite hostname="morninng-HP-EliteBook-2170p" name="edu.cmu.sphinx.linguist.language.grammar.FSTGrammarTest" tests="1" failures="0" timestamp="24 Sep 2014 14:24:38 GMT" time="0.007" errors="0">
  <testcase name="testForcedAlignerGrammar" time="0.007" classname="edu.cmu.sphinx.linguist.language.grammar.FSTGrammarTest"/>
</testsuite> <!-- edu.cmu.sphinx.linguist.language.grammar.FSTGrammarTest -->
